<?xml version="1.0" encoding="UTF-8"?>
<!-- Generated by org.testng.reporters.JUnitXMLReporter -->
<testsuite hostname="Namana-L" ignored="0" name="Test" tests="1" failures="0" timestamp="21 Jul 2017 07:32:15 GMT" time="0.09" errors="0">
  <testcase name="@BeforeTest beforeTest" time="0.036" classname="com.test.testcases.Testclass">
    <failure type="java.lang.NoClassDefFoundError" message="com/google/common/base/Function">
      <![CDATA[java.lang.NoClassDefFoundError: com/google/common/base/Function
	at com.test.testcases.Testclass.beforeTest(Testclass.java:30)
Caused by: java.lang.ClassNotFoundException: com.google.common.base.Function
	at java.net.URLClassLoader.findClass(Unknown Source)
	at java.lang.ClassLoader.loadClass(Unknown Source)
	at sun.misc.Launcher$AppClassLoader.loadClass(Unknown Source)
	at java.lang.ClassLoader.loadClass(Unknown Source)
	... 24 more
... Removed 23 stack frames]]>
    </failure>
  </testcase> <!-- @BeforeTest beforeTest -->
  <testcase name="@AfterTest afterTest" time="0.0" classname="com.test.testcases.Testclass">
    <skipped/>
  </testcase> <!-- @AfterTest afterTest -->
  <testcase name="testEasy" time="0.0" classname="com.test.testcases.Testclass">
    <skipped/>
  </testcase> <!-- testEasy -->
</testsuite> <!-- Test -->
